-------------------------------------------------------------------------------
Test set: com.example.dummyjson.service.ProductServiceTest
-------------------------------------------------------------------------------
Tests run: 2, Failures: 0, Errors: 2, Skipped: 0, Time elapsed: 0.404 s <<< FAILURE! -- in com.example.dummyjson.service.ProductServiceTest
com.example.dummyjson.service.ProductServiceTest.testGetProductById -- Time elapsed: 0.385 s <<< ERROR!
org.mockito.exceptions.misusing.InjectMocksException: 

Cannot instantiate @InjectMocks field named 'productService' of type 'class com.example.dummyjson.service.ProductService'.
You haven't provided the instance at field declaration so I tried to construct the instance.
However the constructor or the initialization block threw an exception : Cannot invoke "org.springframework.web.reactive.function.client.WebClient$Builder.build()" because the return value of "org.springframework.web.reactive.function.client.WebClient$Builder.baseUrl(String)" is null

	at org.mockito.junit.jupiter.MockitoExtension.beforeEach(MockitoExtension.java:159)
	at java.base/java.util.ArrayList.forEach(ArrayList.java:1511)
	at java.base/java.util.ArrayList.forEach(ArrayList.java:1511)
	Suppressed: java.lang.NullPointerException: Cannot invoke "java.util.Set.forEach(java.util.function.Consumer)" because the return value of "org.junit.jupiter.api.extension.ExtensionContext$Store.remove(Object, java.lang.Class)" is null
		at org.mockito.junit.jupiter.MockitoExtension.afterEach(MockitoExtension.java:190)
		... 2 more
Caused by: java.lang.NullPointerException: Cannot invoke "org.springframework.web.reactive.function.client.WebClient$Builder.build()" because the return value of "org.springframework.web.reactive.function.client.WebClient$Builder.baseUrl(String)" is null
	at com.example.dummyjson.service.ProductService.<init>(ProductService.java:17)
	at java.base/java.lang.invoke.MethodHandle.invokeWithArguments(MethodHandle.java:732)
	at org.mockito.internal.util.reflection.InstrumentationMemberAccessor$Dispatcher$ByteBuddy$ONqBn6zt.invokeWithArguments(Unknown Source)
	at org.mockito.internal.util.reflection.InstrumentationMemberAccessor.lambda$newInstance$0(InstrumentationMemberAccessor.java:199)
	at org.mockito.internal.util.reflection.InstrumentationMemberAccessor.newInstance(InstrumentationMemberAccessor.java:188)
	at org.mockito.internal.util.reflection.InstrumentationMemberAccessor.newInstance(InstrumentationMemberAccessor.java:161)
	at org.mockito.internal.util.reflection.ModuleMemberAccessor.newInstance(ModuleMemberAccessor.java:42)
	at org.mockito.internal.util.reflection.FieldInitializer$ParameterizedConstructorInstantiator.instantiate(FieldInitializer.java:291)
	at org.mockito.internal.util.reflection.FieldInitializer.acquireFieldInstance(FieldInitializer.java:146)
	at org.mockito.internal.util.reflection.FieldInitializer.initialize(FieldInitializer.java:91)
	at org.mockito.internal.configuration.injection.ConstructorInjection.processInjection(ConstructorInjection.java:48)
	at org.mockito.internal.configuration.injection.MockInjectionStrategy.process(MockInjectionStrategy.java:68)
	at org.mockito.internal.configuration.injection.MockInjectionStrategy.relayProcessToNextStrategy(MockInjectionStrategy.java:91)
	at org.mockito.internal.configuration.injection.MockInjectionStrategy.process(MockInjectionStrategy.java:71)
	at org.mockito.internal.configuration.injection.MockInjection$OngoingMockInjection.apply(MockInjection.java:88)
	at org.mockito.internal.configuration.DefaultInjectionEngine.injectMocksOnFields(DefaultInjectionEngine.java:26)
	at org.mockito.internal.configuration.InjectingAnnotationEngine.injectCloseableMocks(InjectingAnnotationEngine.java:107)
	at org.mockito.internal.configuration.InjectingAnnotationEngine.process(InjectingAnnotationEngine.java:48)
	at org.mockito.MockitoAnnotations.openMocks(MockitoAnnotations.java:81)
	at org.mockito.internal.framework.DefaultMockitoSession.<init>(DefaultMockitoSession.java:43)
	at org.mockito.internal.session.DefaultMockitoSessionBuilder.startMocking(DefaultMockitoSessionBuilder.java:83)
	... 3 more

com.example.dummyjson.service.ProductServiceTest.testGetAllProducts -- Time elapsed: 0.006 s <<< ERROR!
org.mockito.exceptions.misusing.InjectMocksException: 

Cannot instantiate @InjectMocks field named 'productService' of type 'class com.example.dummyjson.service.ProductService'.
You haven't provided the instance at field declaration so I tried to construct the instance.
However the constructor or the initialization block threw an exception : Cannot invoke "org.springframework.web.reactive.function.client.WebClient$Builder.build()" because the return value of "org.springframework.web.reactive.function.client.WebClient$Builder.baseUrl(String)" is null

	at org.mockito.junit.jupiter.MockitoExtension.beforeEach(MockitoExtension.java:159)
	at java.base/java.util.ArrayList.forEach(ArrayList.java:1511)
	at java.base/java.util.ArrayList.forEach(ArrayList.java:1511)
	Suppressed: java.lang.NullPointerException: Cannot invoke "java.util.Set.forEach(java.util.function.Consumer)" because the return value of "org.junit.jupiter.api.extension.ExtensionContext$Store.remove(Object, java.lang.Class)" is null
		at org.mockito.junit.jupiter.MockitoExtension.afterEach(MockitoExtension.java:190)
		... 2 more
Caused by: java.lang.NullPointerException: Cannot invoke "org.springframework.web.reactive.function.client.WebClient$Builder.build()" because the return value of "org.springframework.web.reactive.function.client.WebClient$Builder.baseUrl(String)" is null
	at com.example.dummyjson.service.ProductService.<init>(ProductService.java:17)
	at java.base/java.lang.invoke.MethodHandle.invokeWithArguments(MethodHandle.java:732)
	at org.mockito.internal.util.reflection.InstrumentationMemberAccessor$Dispatcher$ByteBuddy$ONqBn6zt.invokeWithArguments(Unknown Source)
	at org.mockito.internal.util.reflection.InstrumentationMemberAccessor.lambda$newInstance$0(InstrumentationMemberAccessor.java:199)
	at org.mockito.internal.util.reflection.InstrumentationMemberAccessor.newInstance(InstrumentationMemberAccessor.java:188)
	at org.mockito.internal.util.reflection.InstrumentationMemberAccessor.newInstance(InstrumentationMemberAccessor.java:161)
	at org.mockito.internal.util.reflection.ModuleMemberAccessor.newInstance(ModuleMemberAccessor.java:42)
	at org.mockito.internal.util.reflection.FieldInitializer$ParameterizedConstructorInstantiator.instantiate(FieldInitializer.java:291)
	at org.mockito.internal.util.reflection.FieldInitializer.acquireFieldInstance(FieldInitializer.java:146)
	at org.mockito.internal.util.reflection.FieldInitializer.initialize(FieldInitializer.java:91)
	at org.mockito.internal.configuration.injection.ConstructorInjection.processInjection(ConstructorInjection.java:48)
	at org.mockito.internal.configuration.injection.MockInjectionStrategy.process(MockInjectionStrategy.java:68)
	at org.mockito.internal.configuration.injection.MockInjectionStrategy.relayProcessToNextStrategy(MockInjectionStrategy.java:91)
	at org.mockito.internal.configuration.injection.MockInjectionStrategy.process(MockInjectionStrategy.java:71)
	at org.mockito.internal.configuration.injection.MockInjection$OngoingMockInjection.apply(MockInjection.java:88)
	at org.mockito.internal.configuration.DefaultInjectionEngine.injectMocksOnFields(DefaultInjectionEngine.java:26)
	at org.mockito.internal.configuration.InjectingAnnotationEngine.injectCloseableMocks(InjectingAnnotationEngine.java:107)
	at org.mockito.internal.configuration.InjectingAnnotationEngine.process(InjectingAnnotationEngine.java:48)
	at org.mockito.MockitoAnnotations.openMocks(MockitoAnnotations.java:81)
	at org.mockito.internal.framework.DefaultMockitoSession.<init>(DefaultMockitoSession.java:43)
	at org.mockito.internal.session.DefaultMockitoSessionBuilder.startMocking(DefaultMockitoSessionBuilder.java:83)
	... 3 more

